info:delete extra route in sub1
info:delete extra route in sub2
info:delete extra route in sub1
info:delete extra route in sub2
info:delete extra route in sub2
info:delete extra route in sub1
info:delete extra route in sub2
info:delete extra route in sub2
info:delete extra route in sub 4
info:delete extra route in sub1
info:delete extra route in sub1
info:delete extra route in sub2
info:delete extra route in sub1
info:delete extra route in sub2
info:delete extra route in sub2
info:delete extra route in sub2
info:delete extra route in sub2
info:delete extra route in sub2
info:delete extra route in sub2
info:delete extra route in sub2
audiobeam_Mesh4x4_AIR1_split.json done
info:delete extra route in sub2
info:delete extra route in sub2
info:delete extra route in sub2
info:delete extra route in sub1
info:delete extra route in sub1
info:delete extra route in sub1
info:delete extra route in sub 4
info:delete extra route in sub1
info:delete extra route in sub1
info:delete extra route in sub1
info:delete extra route in sub 4
autocor_Mesh8x8_AIR1_split.json done
info:delete extra route in sub2
info:delete extra route in sub2
info:delete extra route in sub2
info:delete extra route in sub1
info:delete extra route in sub 4
info:delete extra route in sub1
info:delete extra route in sub1
info:delete extra route in sub1
autocor_Mesh16x16_AIR1_split.json done
info:delete extra route in sub2
info:delete extra route in sub2
info:delete extra route in sub1
info:delete extra route in sub2
info:delete extra route in sub1
info:delete extra route in sub2
info:delete extra route in sub1
info:delete extra route in sub2
info:delete extra route in sub2
info:delete extra route in sub2
info:delete extra route in sub1
info:delete extra route in sub2
info:delete extra route in sub1
info:delete extra route in sub2
info:delete extra route in sub1
info:delete extra route in sub2
info:delete extra route in sub2
info:delete extra route in sub2
info:delete extra route in sub1
info:delete extra route in sub1
info:delete extra route in sub1
info:delete extra route in sub 4
info:delete extra route in sub2
info:delete extra route in sub2
info:delete extra route in sub 4
info:delete extra route in sub 4
info:delete extra route in sub2
info:delete extra route in sub2
info:delete extra route in sub2
info:delete extra route in sub2
info:delete extra route in sub2
info:delete extra route in sub 4
info:delete extra route in sub2
info:delete extra route in sub2
info:delete extra route in sub2
audiobeam_Mesh16x16_AIR1_split.json done
info:delete extra route in sub2
info:delete extra route in sub1
info:delete extra route in sub2
info:delete extra route in sub2
info:delete extra route in sub2
info:delete extra route in sub2
info:delete extra route in sub1
info:delete extra route in sub1
info:delete extra route in sub1
info:delete extra route in sub1
info:delete extra route in sub2
info:delete extra route in sub1
info:delete extra route in sub2
info:delete extra route in sub1
info:delete extra route in sub2
info:delete extra route in sub2
info:delete extra route in sub2
info:delete extra route in sub2
info:delete extra route in sub2
info:delete extra route in sub2
info:delete extra route in sub2
info:delete extra route in sub2
info:delete extra route in sub1
info:delete extra route in sub2
info:delete extra route in sub1
info:delete extra route in sub2
info:delete extra route in sub1
info:delete extra route in sub2
info:delete extra route in sub1
info:delete extra route in sub1
info:delete extra route in sub2
info:delete extra route in sub2
info:delete extra route in sub2
H264_Mesh4x4_AIR1_split.json done
info:delete extra route in sub2
info:delete extra route in sub2
info:delete extra route in sub2
autocor_Mesh4x4_AIR1_split.json done
info:delete extra route in sub 4
info:delete extra route in sub2
info:delete extra route in sub2
info:delete extra route in sub2
info:delete extra route in sub1
info:delete extra route in sub1
info:delete extra route in sub2
info:delete extra route in sub2
info:delete extra route in sub2
info:delete extra route in sub 4
info:delete extra route in sub2
info:delete extra route in sub2
info:delete extra route in sub 4
info:delete extra route in sub2
info:delete extra route in sub2
info:delete extra route in sub2
info:delete extra route in sub2
info:delete extra route in sub2
info:delete extra route in sub2
info:delete extra route in sub 4
info:delete extra route in sub 4
info:delete extra route in sub2
info:delete extra route in sub2
info:delete extra route in sub2
info:delete extra route in sub2
info:delete extra route in sub2
info:delete extra route in sub2
info:delete extra route in sub2
info:delete extra route in sub2
info:delete extra route in sub2
info:delete extra route in sub2
info:delete extra route in sub1
info:delete extra route in sub1
info:delete extra route in sub1
info:delete extra route in sub 4
info:delete extra route in sub2
info:delete extra route in sub2
info:delete extra route in sub2
info:delete extra route in sub2
info:delete extra route in sub2
info:delete extra route in sub2
info:delete extra route in sub2
info:delete extra route in sub2
info:delete extra route in sub 4
info:delete extra route in sub2
info:delete extra route in sub2
info:delete extra route in sub2
info:delete extra route in sub2
info:delete extra route in sub2
info:delete extra route in sub2
info:delete extra route in sub2
H264_Mesh8x8_AIR1_split.json done
info:delete extra route in sub 4
info:delete extra route in sub2
info:delete extra route in sub2
info:delete extra route in sub2
info:delete extra route in sub2
info:delete extra route in sub2
info:delete extra route in sub 4
info:delete extra route in sub2
info:delete extra route in sub 4
info:delete extra route in sub2
info:delete extra route in sub2
info:delete extra route in sub 4
info:delete extra route in sub1
info:delete extra route in sub2
info:delete extra route in sub1
info:delete extra route in sub2
info:delete extra route in sub1
info:delete extra route in sub2
info:delete extra route in sub 4
info:delete extra route in sub 4
fmradio_Mesh8x8_AIR1_split.json done
info:delete extra route in sub1
info:delete extra route in sub1
info:delete extra route in sub1
info:delete extra route in sub2
info:delete extra route in sub2
info:delete extra route in sub2
info:delete extra route in sub2
info:delete extra route in sub2
info:delete extra route in sub2
Traceback (most recent call last):
  File "main.py", line 146, in <module>
    route=splitted_routeCompute(adj_matrix,num_of_tasks,execution_to_routing,num_of_rows,map_results,log_file=f)
  File "main.py", line 78, in splitted_routeCompute
    sub_contention,sub_route,sub_msg_size=splitRoute(MapResult[current_source_task],MapResult[current_dest_task],num_of_rows,link_set,split_number,start_time,current_transmission)
  File "/home/chenhui/SplitRun/routing.py", line 420, in splitRoute
    contention,route=computeSplit3Route(source,destination,num_of_rows,link_set,start_time,sub_msg_size)
  File "/home/chenhui/SplitRun/routing.py", line 275, in computeSplit3Route
    sub3_contention,sub3_route=computeNewRoute(new_src3,new_des3,generateStartEndRoute(source,new_src3,num_of_rows),generateStartEndRoute(new_des3,destination,num_of_rows),num_of_rows,tmp_link_set,start_time,sub_msg_size[2])
  File "/home/chenhui/SplitRun/routing.py", line 90, in computeNewRoute
    route=computeMsgRoute(new_source,new_destination,num_of_rows,link_set,start_time,msg_size)
  File "/home/chenhui/SplitRun/routing.py", line 39, in computeMsgRoute
    tmp_state,_,tmp_done=Check_if_Done_improved(state,source,destination,link_set,num_of_rows,start_time,start_time+msg_size)
  File "/home/chenhui/SplitRun/libs.py", line 515, in Check_if_Done_improved
    next_state_tensor[0][3][cur_row*num_of_rows+i]=1
IndexError: index 17 is out of bounds for dimension 0 with size 16
